2025-05-25 00:11:40,495 INFO o.a.j.u.JMeterUtils: Setting Locale to en_EN
2025-05-25 00:11:40,506 INFO o.a.j.JMeter: Loading user properties from: C:\Users\madhan.adithya\OneDrive - ascendion\Desktop\HP training\Jmeter setup files\apache-jmeter-5.6.3\apache-jmeter-5.6.3\bin\user.properties
2025-05-25 00:11:40,508 INFO o.a.j.JMeter: Loading system properties from: C:\Users\madhan.adithya\OneDrive - ascendion\Desktop\HP training\Jmeter setup files\apache-jmeter-5.6.3\apache-jmeter-5.6.3\bin\system.properties
2025-05-25 00:11:40,512 INFO o.a.j.JMeter: Copyright (c) 1998-2024 The Apache Software Foundation
2025-05-25 00:11:40,512 INFO o.a.j.JMeter: Version 5.6.3
2025-05-25 00:11:40,512 INFO o.a.j.JMeter: java.version=1.8.0_442-442
2025-05-25 00:11:40,512 INFO o.a.j.JMeter: java.vm.name=OpenJDK 64-Bit Server VM
2025-05-25 00:11:40,512 INFO o.a.j.JMeter: os.name=Windows 11
2025-05-25 00:11:40,512 INFO o.a.j.JMeter: os.arch=amd64
2025-05-25 00:11:40,512 INFO o.a.j.JMeter: os.version=10.0
2025-05-25 00:11:40,512 INFO o.a.j.JMeter: file.encoding=Cp1252
2025-05-25 00:11:40,512 INFO o.a.j.JMeter: java.awt.headless=true
2025-05-25 00:11:40,512 INFO o.a.j.JMeter: Max memory     =1073741824
2025-05-25 00:11:40,512 INFO o.a.j.JMeter: Available Processors =12
2025-05-25 00:11:40,514 INFO o.a.j.JMeter: Default Locale=English (EN)
2025-05-25 00:11:40,514 INFO o.a.j.JMeter: JMeter  Locale=English (EN)
2025-05-25 00:11:40,514 INFO o.a.j.JMeter: JMeterHome=C:\Users\madhan.adithya\OneDrive - ascendion\Desktop\HP training\Jmeter setup files\apache-jmeter-5.6.3\apache-jmeter-5.6.3
2025-05-25 00:11:40,514 INFO o.a.j.JMeter: user.dir  =C:\Users\madhan.adithya\OneDrive - ascendion\Desktop\HP training\1 Training Files\CAPSTONE-files\jmeter
2025-05-25 00:11:40,515 INFO o.a.j.JMeter: PWD       =C:\Users\madhan.adithya\OneDrive - ascendion\Desktop\HP training\1 Training Files\CAPSTONE-files\jmeter
2025-05-25 00:11:40,517 INFO o.a.j.JMeter: IP: 192.168.1.5 Name: ASCINLAP60828 FullName: ASCINLAP60828
2025-05-25 00:11:40,527 INFO o.a.j.JMeter: Setting property 'jmeter.reportgenerator.outputdir' to:'C:\Users\madhan.adithya\OneDrive - ascendion\Desktop\HP training\1 Training Files\CAPSTONE-files\jmeter\HTMLReport'
2025-05-25 00:11:40,529 INFO o.a.j.s.FileServer: Default base='C:\Users\madhan.adithya\OneDrive - ascendion\Desktop\HP training\1 Training Files\CAPSTONE-files\jmeter'
2025-05-25 00:11:40,530 INFO o.a.j.s.FileServer: Set new base='C:\Users\madhan.adithya\OneDrive - ascendion\Desktop\HP training\1 Training Files\CAPSTONE-files\jmeter'
2025-05-25 00:11:40,628 INFO o.a.j.s.SaveService: Testplan (JMX) version: 2.2. Testlog (JTL) version: 2.2
2025-05-25 00:11:40,646 INFO o.a.j.s.SaveService: Using SaveService properties file encoding UTF-8
2025-05-25 00:11:40,649 INFO o.a.j.s.SaveService: Using SaveService properties version 5.0
2025-05-25 00:11:40,656 INFO o.a.j.s.SaveService: Loading file: TakeUForwardTest.jmx
2025-05-25 00:11:40,719 INFO o.a.j.p.h.c.CookieManager: Settings: Delete null: true Check: true Allow variable: true Save: false Prefix: COOKIE_
2025-05-25 00:11:40,735 INFO o.a.j.p.h.s.HTTPSamplerBase: Parser for text/html is org.apache.jmeter.protocol.http.parser.LagartoBasedHtmlParser
2025-05-25 00:11:40,735 INFO o.a.j.p.h.s.HTTPSamplerBase: Parser for application/xhtml+xml is org.apache.jmeter.protocol.http.parser.LagartoBasedHtmlParser
2025-05-25 00:11:40,735 INFO o.a.j.p.h.s.HTTPSamplerBase: Parser for application/xml is org.apache.jmeter.protocol.http.parser.LagartoBasedHtmlParser
2025-05-25 00:11:40,735 INFO o.a.j.p.h.s.HTTPSamplerBase: Parser for text/xml is org.apache.jmeter.protocol.http.parser.LagartoBasedHtmlParser
2025-05-25 00:11:40,735 INFO o.a.j.p.h.s.HTTPSamplerBase: Parser for text/vnd.wap.wml is org.apache.jmeter.protocol.http.parser.RegexpHTMLParser
2025-05-25 00:11:40,735 INFO o.a.j.p.h.s.HTTPSamplerBase: Parser for text/css is org.apache.jmeter.protocol.http.parser.CssParser
2025-05-25 00:11:41,003 INFO o.a.j.JMeter: Creating summariser <summary>
2025-05-25 00:11:41,009 INFO o.a.j.r.d.ReportGenerator: ReportGenerator will use for Parsing the separator: ','
2025-05-25 00:11:41,010 INFO o.a.j.r.d.ReportGenerator: Will generate report at end of test from  results file: results.jtl
2025-05-25 00:11:41,010 INFO o.a.j.r.d.ReportGenerator: Reading report generator properties from: C:\Users\madhan.adithya\OneDrive - ascendion\Desktop\HP training\Jmeter setup files\apache-jmeter-5.6.3\apache-jmeter-5.6.3\bin\reportgenerator.properties
2025-05-25 00:11:41,012 INFO o.a.j.r.d.ReportGenerator: Merging with JMeter properties
2025-05-25 00:11:41,017 INFO o.a.j.r.c.ReportGeneratorConfiguration: Property 'jmeter.reportgenerator.temp_dir' not found, using default value 'temp' instead.
2025-05-25 00:11:41,020 INFO o.a.j.r.c.ReportGeneratorConfiguration: Property 'jmeter.reportgenerator.apdex_per_transaction' not found, using default value 'null' instead.
2025-05-25 00:11:41,020 INFO o.a.j.r.c.ReportGeneratorConfiguration: apdex_per_transaction is empty, not APDEX per transaction customization
2025-05-25 00:11:41,020 INFO o.a.j.r.c.ReportGeneratorConfiguration: Property 'jmeter.reportgenerator.sample_filter' not found, using default value 'null' instead.
2025-05-25 00:11:41,020 INFO o.a.j.r.c.ReportGeneratorConfiguration: Property 'jmeter.reportgenerator.report_title' not found, using default value 'null' instead.
2025-05-25 00:11:41,020 INFO o.a.j.r.c.ReportGeneratorConfiguration: Property 'jmeter.reportgenerator.start_date' not found, using default value 'null' instead.
2025-05-25 00:11:41,020 INFO o.a.j.r.c.ReportGeneratorConfiguration: Property 'jmeter.reportgenerator.end_date' not found, using default value 'null' instead.
2025-05-25 00:11:41,020 INFO o.a.j.r.c.ReportGeneratorConfiguration: Property 'jmeter.reportgenerator.date_format' not found, using default value 'null' instead.
2025-05-25 00:11:41,020 INFO o.a.j.r.c.ReportGeneratorConfiguration: Will use date range start date: null, end date: null
2025-05-25 00:11:41,023 INFO o.a.j.r.c.ReportGeneratorConfiguration: Property 'jmeter.reportgenerator.graph.totalTPS.exclude_controllers' not found, using default value 'false' instead.
2025-05-25 00:11:41,023 INFO o.a.j.r.c.ReportGeneratorConfiguration: Property 'jmeter.reportgenerator.graph.activeThreadsOverTime.exclude_controllers' not found, using default value 'false' instead.
2025-05-25 00:11:41,024 INFO o.a.j.r.c.ReportGeneratorConfiguration: Property 'jmeter.reportgenerator.graph.timeVsThreads.exclude_controllers' not found, using default value 'false' instead.
2025-05-25 00:11:41,024 INFO o.a.j.r.c.ReportGeneratorConfiguration: Property 'jmeter.reportgenerator.graph.responseTimeDistribution.exclude_controllers' not found, using default value 'false' instead.
2025-05-25 00:11:41,024 INFO o.a.j.r.c.ReportGeneratorConfiguration: Property 'jmeter.reportgenerator.graph.transactionsPerSecond.exclude_controllers' not found, using default value 'false' instead.
2025-05-25 00:11:41,024 INFO o.a.j.r.c.ReportGeneratorConfiguration: Property 'jmeter.reportgenerator.graph.responseTimePercentiles.exclude_controllers' not found, using default value 'false' instead.
2025-05-25 00:11:41,024 INFO o.a.j.r.c.ReportGeneratorConfiguration: Property 'jmeter.reportgenerator.graph.responseTimePercentilesOverTime.exclude_controllers' not found, using default value 'false' instead.
2025-05-25 00:11:41,024 INFO o.a.j.r.c.ReportGeneratorConfiguration: Property 'jmeter.reportgenerator.graph.responseTimesOverTime.exclude_controllers' not found, using default value 'false' instead.
2025-05-25 00:11:41,024 INFO o.a.j.r.c.ReportGeneratorConfiguration: Property 'jmeter.reportgenerator.graph.connectTimeOverTime.exclude_controllers' not found, using default value 'false' instead.
2025-05-25 00:11:41,024 INFO o.a.j.r.c.ReportGeneratorConfiguration: Property 'jmeter.reportgenerator.graph.latenciesOverTime.exclude_controllers' not found, using default value 'false' instead.
2025-05-25 00:11:41,025 INFO o.a.j.r.c.ReportGeneratorConfiguration: Property 'jmeter.reportgenerator.exporter.json.filters_only_sample_series' not found, using default value 'true' instead.
2025-05-25 00:11:41,025 INFO o.a.j.r.c.ReportGeneratorConfiguration: Property 'jmeter.reportgenerator.exporter.json.series_filter' not found, using default value '' instead.
2025-05-25 00:11:41,025 INFO o.a.j.r.c.ReportGeneratorConfiguration: Property 'jmeter.reportgenerator.exporter.json.show_controllers_only' not found, using default value 'false' instead.
2025-05-25 00:11:41,026 INFO o.a.j.r.c.ReportGeneratorConfiguration: Property 'jmeter.reportgenerator.exporter.html.filters_only_sample_series' not found, using default value 'true' instead.
2025-05-25 00:11:41,026 INFO o.a.j.r.c.ReportGeneratorConfiguration: Property 'jmeter.reportgenerator.exporter.html.series_filter' not found, using default value '' instead.
2025-05-25 00:11:41,026 INFO o.a.j.r.c.ReportGeneratorConfiguration: Property 'jmeter.reportgenerator.exporter.html.show_controllers_only' not found, using default value 'false' instead.
2025-05-25 00:11:41,040 INFO o.a.j.e.StandardJMeterEngine: Running the test!
2025-05-25 00:11:41,041 INFO o.a.j.s.SampleEvent: List of sample_variables: []
2025-05-25 00:11:41,041 INFO o.a.j.s.SampleEvent: List of sample_variables: []
2025-05-25 00:11:41,047 INFO o.a.j.e.u.CompoundVariable: Note: Function class names must contain the string: '.functions.'
2025-05-25 00:11:41,047 INFO o.a.j.e.u.CompoundVariable: Note: Function class names must not contain the string: '.gui.'
2025-05-25 00:11:41,319 INFO o.a.j.r.ClassFinder: Will scan jar C:\Users\madhan.adithya\OneDrive - ascendion\Desktop\HP training\Jmeter setup files\apache-jmeter-5.6.3\apache-jmeter-5.6.3\lib\ext\jmeter-plugins-manager-1.10.jar with filter ExtendsClassFilter [parents=[interface org.apache.jmeter.functions.Function], inner=false, contains=null, notContains=null]. Consider exposing JMeter plugins via META-INF/services, and add JMeter-Skip-Class-Scanning=true manifest attribute so JMeter can skip classfile scanning
2025-05-25 00:11:41,497 INFO o.a.j.JMeter: Running test (1748112101496)
2025-05-25 00:11:41,557 INFO o.a.j.e.StandardJMeterEngine: Starting ThreadGroup: 1 : Thread Group
2025-05-25 00:11:41,557 INFO o.a.j.e.StandardJMeterEngine: Starting 10 threads for group Thread Group.
2025-05-25 00:11:41,557 INFO o.a.j.e.StandardJMeterEngine: Thread will continue on error
2025-05-25 00:11:41,557 INFO o.a.j.t.ThreadGroup: Starting thread group... number=1 threads=10 ramp-up=1 delayedStart=false
2025-05-25 00:11:41,579 INFO o.a.j.t.ThreadGroup: Started thread group number 1
2025-05-25 00:11:41,579 INFO o.a.j.e.StandardJMeterEngine: All thread groups have been started
2025-05-25 00:11:51,558 INFO o.a.j.t.JMeterThread: Thread started: Thread Group 1-1
2025-05-25 00:11:51,657 INFO o.a.j.t.JMeterThread: Thread started: Thread Group 1-2
2025-05-25 00:11:51,759 INFO o.a.j.t.JMeterThread: Thread started: Thread Group 1-3
2025-05-25 00:11:51,858 INFO o.a.j.t.JMeterThread: Thread started: Thread Group 1-4
2025-05-25 00:11:51,958 INFO o.a.j.t.JMeterThread: Thread started: Thread Group 1-5
2025-05-25 00:11:52,058 INFO o.a.j.t.JMeterThread: Thread started: Thread Group 1-6
2025-05-25 00:11:52,157 INFO o.a.j.t.JMeterThread: Thread started: Thread Group 1-7
2025-05-25 00:11:52,259 INFO o.a.j.t.JMeterThread: Thread started: Thread Group 1-8
2025-05-25 00:11:52,359 INFO o.a.j.t.JMeterThread: Thread started: Thread Group 1-9
2025-05-25 00:11:52,459 INFO o.a.j.t.JMeterThread: Thread started: Thread Group 1-10
2025-05-25 00:12:02,395 INFO o.a.j.p.h.s.HTTPHCAbstractImpl: Local host = ASCINLAP60828
2025-05-25 00:12:02,406 INFO o.a.j.p.h.s.HTTPHC4Impl: HTTP request retry count = 0
2025-05-25 00:12:02,410 INFO o.a.j.s.SampleResult: Note: Sample TimeStamps are START times
2025-05-25 00:12:02,410 INFO o.a.j.s.SampleResult: sampleresult.default.encoding is set to UTF-8
2025-05-25 00:12:02,410 INFO o.a.j.s.SampleResult: sampleresult.useNanoTime=true
2025-05-25 00:12:02,410 INFO o.a.j.s.SampleResult: sampleresult.nanoThreadSleep=5000
2025-05-25 00:12:02,519 INFO o.a.j.p.h.s.h.LazyLayeredConnectionSocketFactory: Setting up HTTPS TrustAll Socket Factory
2025-05-25 00:12:02,541 INFO o.a.j.u.JsseSSLManager: Using default SSL protocol: TLS
2025-05-25 00:12:02,542 INFO o.a.j.u.JsseSSLManager: SSL session context: per-thread
2025-05-25 00:12:02,684 INFO o.a.j.u.SSLManager: JmeterKeyStore Location:  type JKS
2025-05-25 00:12:02,693 INFO o.a.j.u.SSLManager: KeyStore created OK
2025-05-25 00:12:02,693 WARN o.a.j.u.SSLManager: Keystore file not found, loading empty keystore
2025-05-25 00:12:04,218 INFO o.a.j.r.Summariser: summary +      1 in 00:00:23 =    0.0/s Avg:  1065 Min:  1065 Max:  1065 Err:     0 (0.00%) Active: 10 Started: 10 Finished: 0
2025-05-25 00:12:30,028 INFO o.a.j.r.Summariser: summary +     25 in 00:00:26 =    1.0/s Avg:   256 Min:    61 Max:  1770 Err:     0 (0.00%) Active: 10 Started: 10 Finished: 0
2025-05-25 00:12:30,029 INFO o.a.j.r.Summariser: summary =     26 in 00:00:49 =    0.5/s Avg:   287 Min:    61 Max:  1770 Err:     0 (0.00%)
2025-05-25 00:12:38,013 WARN o.a.j.p.h.s.HTTPSamplerBase: Existing CookieManager HTTP Cookie Manager superseded by HTTP Cookie Manager
2025-05-25 00:12:39,015 WARN o.a.j.p.h.s.HTTPSamplerBase: Existing CookieManager HTTP Cookie Manager superseded by HTTP Cookie Manager
2025-05-25 00:12:40,065 WARN o.a.j.p.h.s.HTTPSamplerBase: Existing CookieManager HTTP Cookie Manager superseded by HTTP Cookie Manager
2025-05-25 00:12:41,170 WARN o.a.j.p.h.s.HTTPSamplerBase: Existing CookieManager HTTP Cookie Manager superseded by HTTP Cookie Manager
2025-05-25 00:12:41,402 WARN o.a.j.p.h.s.HTTPSamplerBase: Existing CookieManager HTTP Cookie Manager superseded by HTTP Cookie Manager
2025-05-25 00:12:41,537 WARN o.a.j.p.h.s.HTTPSamplerBase: Existing CookieManager HTTP Cookie Manager superseded by HTTP Cookie Manager
2025-05-25 00:12:41,669 WARN o.a.j.p.h.s.HTTPSamplerBase: Existing CookieManager HTTP Cookie Manager superseded by HTTP Cookie Manager
2025-05-25 00:12:42,942 WARN o.a.j.p.h.s.HTTPSamplerBase: Existing CookieManager HTTP Cookie Manager superseded by HTTP Cookie Manager
2025-05-25 00:12:43,014 WARN o.a.j.p.h.s.HTTPSamplerBase: Existing CookieManager HTTP Cookie Manager superseded by HTTP Cookie Manager
2025-05-25 00:12:44,842 WARN o.a.j.p.h.s.HTTPSamplerBase: Existing CookieManager HTTP Cookie Manager superseded by HTTP Cookie Manager
2025-05-25 00:13:02,993 INFO o.a.j.r.Summariser: summary +     25 in 00:00:33 =    0.8/s Avg:   360 Min:    65 Max:  1934 Err:     0 (0.00%) Active: 10 Started: 10 Finished: 0
2025-05-25 00:13:02,994 INFO o.a.j.r.Summariser: summary =     51 in 00:01:21 =    0.6/s Avg:   323 Min:    61 Max:  1934 Err:     0 (0.00%)
2025-05-25 00:13:31,072 INFO o.a.j.r.Summariser: summary +     26 in 00:00:28 =    0.9/s Avg:   163 Min:    55 Max:  1239 Err:     0 (0.00%) Active: 10 Started: 10 Finished: 0
2025-05-25 00:13:31,073 INFO o.a.j.r.Summariser: summary =     77 in 00:01:50 =    0.7/s Avg:   269 Min:    55 Max:  1934 Err:     0 (0.00%)
2025-05-25 00:13:39,620 WARN o.a.j.p.h.s.HTTPSamplerBase: Existing CookieManager HTTP Cookie Manager superseded by HTTP Cookie Manager
2025-05-25 00:13:39,620 WARN o.a.j.p.h.s.HTTPSamplerBase: Existing CookieManager HTTP Cookie Manager superseded by HTTP Cookie Manager
2025-05-25 00:13:39,621 INFO o.a.j.t.JMeterThread: Thread finished: Thread Group 1-3
2025-05-25 00:13:39,667 WARN o.a.j.p.h.s.HTTPSamplerBase: Existing CookieManager HTTP Cookie Manager superseded by HTTP Cookie Manager
2025-05-25 00:13:39,667 WARN o.a.j.p.h.s.HTTPSamplerBase: Existing CookieManager HTTP Cookie Manager superseded by HTTP Cookie Manager
2025-05-25 00:13:39,668 INFO o.a.j.t.JMeterThread: Thread finished: Thread Group 1-5
2025-05-25 00:13:40,526 WARN o.a.j.p.h.s.HTTPSamplerBase: Existing CookieManager HTTP Cookie Manager superseded by HTTP Cookie Manager
2025-05-25 00:13:40,526 WARN o.a.j.p.h.s.HTTPSamplerBase: Existing CookieManager HTTP Cookie Manager superseded by HTTP Cookie Manager
2025-05-25 00:13:40,527 INFO o.a.j.t.JMeterThread: Thread finished: Thread Group 1-9
2025-05-25 00:13:40,888 WARN o.a.j.p.h.s.HTTPSamplerBase: Existing CookieManager HTTP Cookie Manager superseded by HTTP Cookie Manager
2025-05-25 00:13:40,888 WARN o.a.j.p.h.s.HTTPSamplerBase: Existing CookieManager HTTP Cookie Manager superseded by HTTP Cookie Manager
2025-05-25 00:13:40,889 INFO o.a.j.t.JMeterThread: Thread finished: Thread Group 1-4
2025-05-25 00:13:40,952 WARN o.a.j.p.h.s.HTTPSamplerBase: Existing CookieManager HTTP Cookie Manager superseded by HTTP Cookie Manager
2025-05-25 00:13:40,952 WARN o.a.j.p.h.s.HTTPSamplerBase: Existing CookieManager HTTP Cookie Manager superseded by HTTP Cookie Manager
2025-05-25 00:13:40,952 INFO o.a.j.t.JMeterThread: Thread finished: Thread Group 1-8
2025-05-25 00:13:42,127 WARN o.a.j.p.h.s.HTTPSamplerBase: Existing CookieManager HTTP Cookie Manager superseded by HTTP Cookie Manager
2025-05-25 00:13:42,128 WARN o.a.j.p.h.s.HTTPSamplerBase: Existing CookieManager HTTP Cookie Manager superseded by HTTP Cookie Manager
2025-05-25 00:13:42,128 INFO o.a.j.t.JMeterThread: Thread finished: Thread Group 1-6
2025-05-25 00:13:42,312 WARN o.a.j.p.h.s.HTTPSamplerBase: Existing CookieManager HTTP Cookie Manager superseded by HTTP Cookie Manager
2025-05-25 00:13:42,312 WARN o.a.j.p.h.s.HTTPSamplerBase: Existing CookieManager HTTP Cookie Manager superseded by HTTP Cookie Manager
2025-05-25 00:13:42,312 INFO o.a.j.t.JMeterThread: Thread finished: Thread Group 1-10
2025-05-25 00:13:42,367 WARN o.a.j.p.h.s.HTTPSamplerBase: Existing CookieManager HTTP Cookie Manager superseded by HTTP Cookie Manager
2025-05-25 00:13:42,368 WARN o.a.j.p.h.s.HTTPSamplerBase: Existing CookieManager HTTP Cookie Manager superseded by HTTP Cookie Manager
2025-05-25 00:13:42,368 INFO o.a.j.t.JMeterThread: Thread finished: Thread Group 1-7
2025-05-25 00:13:43,431 WARN o.a.j.p.h.s.HTTPSamplerBase: Existing CookieManager HTTP Cookie Manager superseded by HTTP Cookie Manager
2025-05-25 00:13:43,431 WARN o.a.j.p.h.s.HTTPSamplerBase: Existing CookieManager HTTP Cookie Manager superseded by HTTP Cookie Manager
2025-05-25 00:13:43,431 INFO o.a.j.t.JMeterThread: Thread finished: Thread Group 1-1
2025-05-25 00:13:44,527 WARN o.a.j.p.h.s.HTTPSamplerBase: Existing CookieManager HTTP Cookie Manager superseded by HTTP Cookie Manager
2025-05-25 00:13:44,527 WARN o.a.j.p.h.s.HTTPSamplerBase: Existing CookieManager HTTP Cookie Manager superseded by HTTP Cookie Manager
2025-05-25 00:13:44,528 INFO o.a.j.t.JMeterThread: Thread finished: Thread Group 1-2
2025-05-25 00:13:44,529 INFO o.a.j.e.StandardJMeterEngine: Notifying test listeners of end of test
2025-05-25 00:13:44,538 INFO o.a.j.r.Summariser: summary +     13 in 00:00:13 =    1.0/s Avg:    68 Min:    55 Max:   105 Err:     0 (0.00%) Active: 0 Started: 10 Finished: 10
2025-05-25 00:13:44,540 INFO o.a.j.r.Summariser: summary =     90 in 00:02:03 =    0.7/s Avg:   240 Min:    55 Max:  1934 Err:     0 (0.00%)
2025-05-25 00:13:44,541 INFO o.a.j.JMeter: Generating Dashboard
2025-05-25 00:13:44,541 INFO o.a.j.r.d.ReportGenerator: Flushing result collector before report Generation
2025-05-25 00:13:44,558 WARN o.a.j.s.CSVSaveService: Unknown column name 1748112123145
2025-05-25 00:13:44,561 WARN o.a.j.r.c.CsvSampleReader: File 'C:\Users\madhan.adithya\OneDrive - ascendion\Desktop\HP training\1 Training Files\CAPSTONE-files\jmeter\results.jtl' does not contain the field names header, ensure the jmeter.save.saveservice.* properties are the same as when the CSV file was created or the file may be read incorrectly when generating report
2025-05-25 00:13:44,570 INFO o.a.j.r.p.NormalizerSampleConsumer: Using format, 'ms', to parse timeStamp field
2025-05-25 00:13:44,773 INFO o.a.j.r.p.AbstractSampleConsumer: class org.apache.jmeter.report.processor.AggregateConsumer#stopProducing(): beginDate produced 0 samples
2025-05-25 00:13:44,773 INFO o.a.j.r.p.AbstractSampleConsumer: class org.apache.jmeter.report.processor.AggregateConsumer#stopProducing(): endDate produced 0 samples
2025-05-25 00:13:44,777 INFO o.a.j.r.p.AbstractSampleConsumer: class org.apache.jmeter.report.processor.ApdexSummaryConsumer#stopProducing(): apdexSummary produced 0 samples
2025-05-25 00:13:44,778 INFO o.a.j.r.p.AbstractSampleConsumer: class org.apache.jmeter.report.processor.RequestsSummaryConsumer#stopProducing(): requestsSummary produced 0 samples
2025-05-25 00:13:44,790 INFO o.a.j.r.p.AbstractSampleConsumer: class org.apache.jmeter.report.processor.StatisticsSummaryConsumer#stopProducing(): statisticsSummary produced 0 samples
2025-05-25 00:13:44,803 INFO o.a.j.r.p.AbstractSampleConsumer: class org.apache.jmeter.report.processor.Top5ErrorsBySamplerConsumer#stopProducing(): top5ErrorsBySampler produced 0 samples
2025-05-25 00:13:44,803 INFO o.a.j.r.p.AbstractSampleConsumer: class org.apache.jmeter.report.processor.ErrorsSummaryConsumer#stopProducing(): errorsSummary produced 0 samples
2025-05-25 00:13:44,803 INFO o.a.j.r.p.AbstractSampleConsumer: class org.apache.jmeter.report.processor.graph.impl.HitsPerSecondGraphConsumer#stopProducing(): hitsPerSecond produced 0 samples
2025-05-25 00:13:44,878 INFO o.a.j.r.p.AbstractSampleConsumer: class org.apache.jmeter.report.processor.graph.impl.LatencyVSRequestGraphConsumer#stopProducing(): latencyVsRequest produced 0 samples
2025-05-25 00:13:44,879 INFO o.a.j.r.p.AbstractSampleConsumer: class org.apache.jmeter.report.processor.graph.impl.SyntheticResponseTimeDistributionGraphConsumer#stopProducing(): syntheticResponseTimeDistribution produced 0 samples
2025-05-25 00:13:44,880 INFO o.a.j.r.p.AbstractSampleConsumer: class org.apache.jmeter.report.processor.graph.impl.BytesThroughputGraphConsumer#stopProducing(): bytesThroughputOverTime produced 0 samples
2025-05-25 00:13:44,880 INFO o.a.j.r.p.AbstractSampleConsumer: class org.apache.jmeter.report.processor.graph.impl.CodesPerSecondGraphConsumer#stopProducing(): codesPerSecond produced 0 samples
2025-05-25 00:13:44,920 INFO o.a.j.r.p.AbstractSampleConsumer: class org.apache.jmeter.report.processor.graph.impl.ResponseTimeVSRequestGraphConsumer#stopProducing(): responseTimeVsRequest produced 0 samples
2025-05-25 00:13:44,921 INFO o.a.j.r.p.AbstractSampleConsumer: class org.apache.jmeter.report.processor.FilterConsumer#stopProducing(): startIntervalControlerFilter produced 623 samples
2025-05-25 00:13:44,921 INFO o.a.j.r.p.AbstractSampleConsumer: class org.apache.jmeter.report.processor.graph.impl.TotalTPSGraphConsumer#stopProducing(): totalTPS produced 0 samples
2025-05-25 00:13:44,921 INFO o.a.j.r.p.AbstractSampleConsumer: class org.apache.jmeter.report.processor.graph.impl.ActiveThreadsGraphConsumer#stopProducing(): activeThreadsOverTime produced 0 samples
2025-05-25 00:13:44,921 INFO o.a.j.r.p.AbstractSampleConsumer: class org.apache.jmeter.report.processor.graph.impl.TimeVSThreadGraphConsumer#stopProducing(): timeVsThreads produced 0 samples
2025-05-25 00:13:44,923 INFO o.a.j.r.p.AbstractSampleConsumer: class org.apache.jmeter.report.processor.graph.impl.ResponseTimeDistributionGraphConsumer#stopProducing(): responseTimeDistribution produced 0 samples
2025-05-25 00:13:44,923 INFO o.a.j.r.p.AbstractSampleConsumer: class org.apache.jmeter.report.processor.graph.impl.TransactionsPerSecondGraphConsumer#stopProducing(): transactionsPerSecond produced 0 samples
2025-05-25 00:13:44,923 INFO o.a.j.r.p.AbstractSampleConsumer: class org.apache.jmeter.report.processor.graph.impl.ResponseTimePercentilesGraphConsumer#stopProducing(): responseTimePercentiles produced 0 samples
2025-05-25 00:13:44,928 INFO o.a.j.r.p.AbstractSampleConsumer: class org.apache.jmeter.report.processor.graph.impl.ResponseTimePercentilesOverTimeGraphConsumer#stopProducing(): responseTimePercentilesOverTime produced 0 samples
2025-05-25 00:13:44,929 INFO o.a.j.r.p.AbstractSampleConsumer: class org.apache.jmeter.report.processor.graph.impl.ResponseTimeOverTimeGraphConsumer#stopProducing(): responseTimesOverTime produced 0 samples
2025-05-25 00:13:44,929 INFO o.a.j.r.p.AbstractSampleConsumer: class org.apache.jmeter.report.processor.graph.impl.ConnectTimeOverTimeGraphConsumer#stopProducing(): connectTimeOverTime produced 0 samples
2025-05-25 00:13:44,930 INFO o.a.j.r.p.AbstractSampleConsumer: class org.apache.jmeter.report.processor.graph.impl.LatencyOverTimeGraphConsumer#stopProducing(): latenciesOverTime produced 0 samples
2025-05-25 00:13:44,930 INFO o.a.j.r.p.AbstractSampleConsumer: class org.apache.jmeter.report.processor.FilterConsumer#stopProducing(): nameFilter produced 1335 samples
2025-05-25 00:13:44,930 INFO o.a.j.r.p.AbstractSampleConsumer: class org.apache.jmeter.report.processor.FilterConsumer#stopProducing(): dateRangeFilter produced 267 samples
2025-05-25 00:13:44,930 INFO o.a.j.r.p.AbstractSampleConsumer: class org.apache.jmeter.report.processor.NormalizerSampleConsumer#stopProducing(): normalizer produced 89 samples
2025-05-25 00:13:44,932 INFO o.a.j.r.p.CsvFileSampleSource: produce(): 89 samples produced in 298ms on channel 0
2025-05-25 00:13:44,933 INFO o.a.j.r.d.ReportGenerator: Exporting data using exporter:'json' of className:'org.apache.jmeter.report.dashboard.JsonExporter'
2025-05-25 00:13:45,158 INFO o.a.j.r.d.JsonExporter: Found data for consumer statisticsSummary in context
2025-05-25 00:13:45,158 INFO o.a.j.r.d.JsonExporter: Creating statistics for overall
2025-05-25 00:13:45,159 INFO o.a.j.r.d.JsonExporter: Creating statistics for other transactions
2025-05-25 00:13:45,161 INFO o.a.j.r.d.JsonExporter: Checking output folder
2025-05-25 00:13:45,163 INFO o.a.j.r.d.JsonExporter: Writing statistics JSON to C:\Users\madhan.adithya\OneDrive - ascendion\Desktop\HP training\1 Training Files\CAPSTONE-files\jmeter\HTMLReport\statistics.json
2025-05-25 00:13:45,300 INFO o.a.j.r.d.ReportGenerator: Exporting data using exporter:'html' of className:'org.apache.jmeter.report.dashboard.HtmlTemplateExporter'
2025-05-25 00:13:45,310 INFO o.a.j.r.d.HtmlTemplateExporter: Will generate dashboard in folder: C:\Users\madhan.adithya\OneDrive - ascendion\Desktop\HP training\1 Training Files\CAPSTONE-files\jmeter\HTMLReport
2025-05-25 00:13:45,674 INFO o.a.j.r.d.HtmlTemplateExporter: Report will be generated in: C:\Users\madhan.adithya\OneDrive - ascendion\Desktop\HP training\1 Training Files\CAPSTONE-files\jmeter\HTMLReport, creating folder structure
2025-05-25 00:13:45,678 INFO o.a.j.r.d.TemplateVisitor: Copying folder from 'C:\Users\madhan.adithya\OneDrive - ascendion\Desktop\HP training\Jmeter setup files\apache-jmeter-5.6.3\apache-jmeter-5.6.3\bin\report-template' to 'C:\Users\madhan.adithya\OneDrive - ascendion\Desktop\HP training\1 Training Files\CAPSTONE-files\jmeter\HTMLReport', got message: C:\Users\madhan.adithya\OneDrive - ascendion\Desktop\HP training\1 Training Files\CAPSTONE-files\jmeter\HTMLReport, found non empty folder with following content [C:\Users\madhan.adithya\OneDrive - ascendion\Desktop\HP training\1 Training Files\CAPSTONE-files\jmeter\HTMLReport\statistics.json], will be ignored
2025-05-25 00:13:50,999 INFO o.a.j.JMeter: Dashboard generated
